<?xml version="1.0" encoding="UTF-8"?>
<testng-results skipped="0" failed="0" total="1" passed="1">
  <reporter-output>
  </reporter-output>
  <suite name="Default suite" duration-ms="162244" started-at="2022-07-04T02:30:49Z" finished-at="2022-07-04T02:33:32Z">
    <groups>
    </groups>
    <test name="Default test" duration-ms="162244" started-at="2022-07-04T02:30:49Z" finished-at="2022-07-04T02:33:32Z">
      <class name="com.test.webPages.GoogleTranslateAssignmentTest">
        <test-method status="PASS" signature="initializeDriver()[pri:0, instance:com.test.webPages.GoogleTranslateAssignmentTest@12591ac8]" name="initializeDriver" is-config="true" duration-ms="1758" started-at="2022-07-03T19:30:49Z" finished-at="2022-07-03T19:30:51Z">
          <reporter-output>
          </reporter-output>
        </test-method> <!-- initializeDriver -->
        <test-method status="PASS" signature="firstTest()[pri:0, instance:com.test.webPages.GoogleTranslateAssignmentTest@12591ac8]" name="firstTest" duration-ms="156300" started-at="2022-07-03T19:30:51Z" finished-at="2022-07-03T19:33:27Z">
          <reporter-output>
          </reporter-output>
        </test-method> <!-- firstTest -->
        <test-method status="PASS" signature="tearDown()[pri:0, instance:com.test.webPages.GoogleTranslateAssignmentTest@12591ac8]" name="tearDown" is-config="true" duration-ms="4173" started-at="2022-07-03T19:33:27Z" finished-at="2022-07-03T19:33:32Z">
          <reporter-output>
          </reporter-output>
        </test-method> <!-- tearDown -->
      </class> <!-- com.test.webPages.GoogleTranslateAssignmentTest -->
    </test> <!-- Default test -->
  </suite> <!-- Default suite -->
</testng-results>
